[2024-12-08 11:20:38,101: INFO: main: Welcome to custom log]
[2024-12-08 11:21:58,559: INFO: main: Welcome to custom log]
[2024-12-09 10:54:29,486:INFO:common:yaml file: config\config.yaml loaded successfully]
[2024-12-09 10:54:29,495:INFO:common:yaml file: params.yaml loaded successfully]
[2024-12-09 10:59:38,469:INFO:common:yaml file: config\config.yaml loaded successfully]
[2024-12-09 10:59:38,471:INFO:common:yaml file: params.yaml loaded successfully]
[2024-12-09 11:01:07,572:INFO:common:yaml file: config\config.yaml loaded successfully]
[2024-12-09 11:01:07,575:INFO:common:yaml file: params.yaml loaded successfully]
[2024-12-09 11:05:07,127:INFO:common:yaml file: config\config.yaml loaded successfully]
[2024-12-09 11:05:07,130:INFO:common:yaml file: params.yaml loaded successfully]
[2024-12-09 11:05:23,752:INFO:common:yaml file: config\config.yaml loaded successfully]
[2024-12-09 11:05:23,755:INFO:common:yaml file: params.yaml loaded successfully]
[2024-12-09 11:12:36,906:INFO:common:yaml file: config\config.yaml loaded successfully]
[2024-12-09 11:12:36,909:INFO:common:yaml file: params.yaml loaded successfully]
[2024-12-09 11:12:36,913:INFO:common:created directory at: artifacts]
[2024-12-09 11:12:36,915:INFO:common:created directory at: artifacts/data_ingestion]
[2024-12-09 11:20:13,507:INFO:common:yaml file: config\config.yaml loaded successfully]
[2024-12-09 11:20:13,511:INFO:common:yaml file: params.yaml loaded successfully]
[2024-12-09 11:20:13,513:INFO:common:created directory at: artifacts]
[2024-12-09 11:20:13,515:INFO:common:created directory at: artifacts/data_ingestion]
[2024-12-09 12:42:55,948:INFO:common:yaml file: config\config.yaml loaded successfully]
[2024-12-09 12:42:55,959:INFO:common:yaml file: params.yaml loaded successfully]
[2024-12-09 12:42:55,963:INFO:common:created directory at: artifacts]
[2024-12-09 12:42:55,965:INFO:common:created directory at: artifacts/data_ingestion]
[2024-12-09 16:22:28,329:INFO:common:yaml file: config\config.yaml loaded successfully]
[2024-12-09 16:22:28,337:INFO:common:yaml file: params.yaml loaded successfully]
[2024-12-09 16:22:28,339:INFO:common:created directory at: artifacts]
[2024-12-09 16:22:28,340:INFO:common:created directory at: artifacts/data_ingestion]
[2024-12-09 16:25:36,634:INFO:common:yaml file: config\config.yaml loaded successfully]
[2024-12-09 16:25:36,637:INFO:common:yaml file: params.yaml loaded successfully]
[2024-12-09 16:25:36,638:INFO:common:created directory at: artifacts]
[2024-12-09 16:25:36,640:INFO:common:created directory at: artifacts/data_ingestion]
[2024-12-09 16:29:19,607:INFO:common:yaml file: config\config.yaml loaded successfully]
[2024-12-09 16:29:19,610:INFO:common:yaml file: params.yaml loaded successfully]
[2024-12-09 16:29:19,614:INFO:common:created directory at: artifacts]
[2024-12-09 16:29:19,616:INFO:common:created directory at: artifacts/data_ingestion]
[2024-12-09 16:29:19,619:INFO:4037744573:File already exists of size: ~ 272489 KB]
[2024-12-10 11:32:43,555:INFO:common:yaml file: config\config.yaml loaded successfully]
[2024-12-10 11:32:43,564:INFO:common:yaml file: params.yaml loaded successfully]
[2024-12-10 11:32:43,566:INFO:common:created directory at: artifacts]
[2024-12-10 11:32:43,569:INFO:common:created directory at: artifacts/data_ingestion]
[2024-12-10 11:43:29,364:INFO:common:yaml file: config\config.yaml loaded successfully]
[2024-12-10 11:43:29,368:INFO:common:yaml file: params.yaml loaded successfully]
[2024-12-10 11:43:29,371:INFO:common:created directory at: artifacts]
[2024-12-10 11:43:29,374:INFO:common:created directory at: artifacts/data_ingestion]
[2024-12-10 11:43:32,354:INFO:4037744573:D:\chickendiseasedataset\dataset1.zip download! with following info: 
Connection: close
Content-Length: 11633580
Cache-Control: max-age=300
Content-Security-Policy: default-src 'none'; style-src 'unsafe-inline'; sandbox
Content-Type: application/zip
ETag: "0930cfc9e17c1ce0a4a5c1ef77e745d29c1e70449fef34f532ab2b90fc1d6122"
Strict-Transport-Security: max-age=31536000
X-Content-Type-Options: nosniff
X-Frame-Options: deny
X-XSS-Protection: 1; mode=block
X-GitHub-Request-Id: 6BD7:46198:4562C:5D297:6757DC05
Accept-Ranges: bytes
Date: Tue, 10 Dec 2024 06:13:27 GMT
Via: 1.1 varnish
X-Served-By: cache-maa10238-MAA
X-Cache: MISS
X-Cache-Hits: 0
X-Timer: S1733811206.173119,VS0,VE964
Vary: Authorization,Accept-Encoding,Origin
Access-Control-Allow-Origin: *
Cross-Origin-Resource-Policy: cross-origin
X-Fastly-Request-ID: 7eb1474fce890f6ebf590663ce24a95370ef581c
Expires: Tue, 10 Dec 2024 06:18:27 GMT
Source-Age: 1

]
[2024-12-10 12:44:44,051:INFO:common:yaml file: config\config.yaml loaded successfully]
[2024-12-10 12:44:44,081:INFO:common:yaml file: params.yaml loaded successfully]
[2024-12-10 12:44:44,087:INFO:common:created directory at: artifacts]
[2024-12-10 12:44:44,090:INFO:common:created directory at: artifacts/data_ingestion]
[2024-12-10 12:44:44,095:INFO:1407926101:File already exists of size: ~ 11361 KB]
[2024-12-10 12:44:44,960:INFO:1407926101:File already exists of size: ~ 11361 KB]
